<?xml version="1.0" encoding="UTF-8"?>
<testng-results ignored="0" total="1" passed="1" failed="0" skipped="0">
  <reporter-output>
  </reporter-output>
  <suite started-at="2025-03-10T17:11:59 IST" name="Suite" finished-at="2025-03-10T17:12:05 IST" duration-ms="5511">
    <groups>
    </groups>
    <test started-at="2025-03-10T17:11:59 IST" name="Test" finished-at="2025-03-10T17:12:05 IST" duration-ms="5511">
      <class name="ICT_Flow">
        <test-method is-config="true" signature="getDrivers()[pri:0, instance:ICT_Flow@53fb3dab]" started-at="2025-03-10T17:11:59 IST" name="getDrivers" finished-at="2025-03-10T17:12:01 IST" duration-ms="1935" status="PASS">
          <reporter-output>
          </reporter-output>
        </test-method> <!-- getDrivers -->
        <test-method is-config="true" signature="getURL()[pri:0, instance:ICT_Flow@53fb3dab]" started-at="2025-03-10T17:12:01 IST" name="getURL" finished-at="2025-03-10T17:12:04 IST" duration-ms="2952" status="PASS">
          <reporter-output>
          </reporter-output>
        </test-method> <!-- getURL -->
        <test-method is-config="true" signature="timeout()[pri:0, instance:ICT_Flow@53fb3dab]" started-at="2025-03-10T17:12:04 IST" name="timeout" finished-at="2025-03-10T17:12:04 IST" duration-ms="7" status="PASS">
          <reporter-output>
          </reporter-output>
        </test-method> <!-- timeout -->
        <test-method signature="loginPage()[pri:0, instance:ICT_Flow@53fb3dab]" started-at="2025-03-10T17:12:04 IST" name="loginPage" finished-at="2025-03-10T17:12:05 IST" duration-ms="333" status="PASS">
          <reporter-output>
          </reporter-output>
        </test-method> <!-- loginPage -->
        <test-method is-config="true" signature="closeDriver()[pri:0, instance:ICT_Flow@53fb3dab]" started-at="2025-03-10T17:12:05 IST" name="closeDriver" finished-at="2025-03-10T17:12:05 IST" duration-ms="228" status="PASS">
          <reporter-output>
          </reporter-output>
        </test-method> <!-- closeDriver -->
      </class> <!-- ICT_Flow -->
    </test> <!-- Test -->
  </suite> <!-- Suite -->
</testng-results>
